<?xml version="1.0" encoding="UTF-8"?>
<testng-results ignored="0" total="1" passed="1" failed="0" skipped="0">
  <reporter-output>
  </reporter-output>
  <suite started-at="2025-02-07T08:07:17 IST" name="Default suite" finished-at="2025-02-07T08:07:17 IST" duration-ms="105">
    <groups>
    </groups>
    <test started-at="2025-02-07T08:07:17 IST" name="Default test" finished-at="2025-02-07T08:07:17 IST" duration-ms="105">
      <class name="cj.CC">
        <test-method is-config="true" signature="beforeRun()[pri:0, instance:cj.CC@45099dd3]" started-at="2025-02-07T08:07:17 IST" name="beforeRun" finished-at="2025-02-07T08:07:17 IST" duration-ms="17" status="PASS">
          <reporter-output>
          </reporter-output>
        </test-method> <!-- beforeRun -->
        <test-method signature="testRun()[pri:0, instance:cj.CC@45099dd3]" started-at="2025-02-07T08:07:17 IST" name="testRun" finished-at="2025-02-07T08:07:17 IST" duration-ms="10" status="PASS">
          <reporter-output>
          </reporter-output>
        </test-method> <!-- testRun -->
        <test-method is-config="true" signature="afterRun()[pri:0, instance:cj.CC@45099dd3]" started-at="2025-02-07T08:07:17 IST" name="afterRun" finished-at="2025-02-07T08:07:17 IST" duration-ms="1" status="PASS">
          <reporter-output>
          </reporter-output>
        </test-method> <!-- afterRun -->
      </class> <!-- cj.CC -->
    </test> <!-- Default test -->
  </suite> <!-- Default suite -->
</testng-results>
