<?xml version="1.0" encoding="UTF-8"?>
<!-- Generated by org.testng.reporters.JUnitXMLReporter -->
<testsuite ignored="3" hostname="LAPTOP-T3IK0MSI" failures="0" tests="2" name="Car Loan" time="0.022" errors="0" timestamp="2025-02-06T08:12:06 IST">
  <testcase classname="testng.test.Day3" name="carLoan" time="0.003"/>
  <testcase classname="testng.test.Day3" name="webLoginCarLoan" time="0.007"/>
  <testcase classname="testng.test.Day3" name="mobileLoginSignOut" time="0.0">
    <ignored/>
  </testcase> <!-- mobileLoginSignOut -->
  <testcase classname="testng.test.Day3" name="mobileLoginCarLoan" time="0.0">
    <ignored/>
  </testcase> <!-- mobileLoginCarLoan -->
  <testcase classname="testng.test.Day3" name="mobileLoginSignIn" time="0.0">
    <ignored/>
  </testcase> <!-- mobileLoginSignIn -->
</testsuite> <!-- Car Loan -->
