<?xml version="1.0" encoding="UTF-8"?>
<!-- Generated by org.testng.reporters.JUnitXMLReporter -->
<testsuite ignored="2" hostname="LAPTOP-T3IK0MSI" failures="1" tests="5" name="Personal Loan" time="0.2" errors="0" timestamp="2025-02-06T08:12:06 IST">
  <testcase classname="testng.test.Day1" name="demo" time="0.011"/>
  <testcase classname="testng.test.Day1" name="demo1" time="0.005"/>
  <testcase classname="testng.test.Day1" name="demo2" time="0.019">
    <failure type="java.lang.AssertionError" message="expected [true] but found [false]">
      <![CDATA[java.lang.AssertionError: expected [true] but found [false]
at testng.test.Day1.demo2(Day1.java:49)
at java.base/java.util.ArrayList.forEach(ArrayList.java:1511)
... Removed 31 stack frames]]>
    </failure>
  </testcase> <!-- demo2 -->
  <testcase classname="testng.test.Day2" name="ploan" time="0.004"/>
  <testcase classname="testng.test.Day4" name="webLoginCarLoan" time="0.003"/>
  <testcase classname="testng.test.Day4" name="mobileLoginCarLoan" time="0.0">
    <ignored/>
  </testcase> <!-- mobileLoginCarLoan -->
  <testcase classname="testng.test.Day4" name="loginAPICarLoan" time="0.0">
    <ignored/>
  </testcase> <!-- loginAPICarLoan -->
</testsuite> <!-- Personal Loan -->
