<?xml version="1.0" encoding="UTF-8"?>
<!-- Generated by org.testng.reporters.JUnitXMLReporter -->
<testsuite ignored="6" hostname="LAPTOP-T3IK0MSI" failures="0" tests="4" name="Regression" time="0.14" errors="0" timestamp="2025-02-03T08:58:14 IST">
  <testcase classname="testng.test.Day1" name="demo" time="0.016"/>
  <testcase classname="testng.test.Day2" name="ploan" time="0.002"/>
  <testcase classname="testng.test.Day3" name="webLoginCarLoan" time="0.003"/>
  <testcase classname="testng.test.Day4" name="webLoginCarLoan" time="0.003"/>
  <testcase classname="testng.test.Day1" name="demo1" time="0.0">
    <ignored/>
  </testcase> <!-- demo1 -->
  <testcase classname="testng.test.Day3" name="mobileLoginSignOut" time="0.0">
    <ignored/>
  </testcase> <!-- mobileLoginSignOut -->
  <testcase classname="testng.test.Day4" name="mobileLoginCarLoan" time="0.0">
    <ignored/>
  </testcase> <!-- mobileLoginCarLoan -->
  <testcase classname="testng.test.Day3" name="mobileLoginSignIn" time="0.0">
    <ignored/>
  </testcase> <!-- mobileLoginSignIn -->
  <testcase classname="testng.test.Day3" name="mobileLoginCarLoan" time="0.0">
    <ignored/>
  </testcase> <!-- mobileLoginCarLoan -->
  <testcase classname="testng.test.Day4" name="loginAPICarLoan" time="0.0">
    <ignored/>
  </testcase> <!-- loginAPICarLoan -->
</testsuite> <!-- Regression -->
