<?xml version="1.0" encoding="UTF-8"?>
<testng-results ignored="0" total="1" passed="1" failed="0" skipped="0">
  <reporter-output>
  </reporter-output>
  <suite started-at="2025-02-20T07:21:55 IST" name="Default suite" finished-at="2025-02-20T07:22:13 IST" duration-ms="18333">
    <groups>
    </groups>
    <test started-at="2025-02-20T07:21:55 IST" name="Default test" finished-at="2025-02-20T07:22:13 IST" duration-ms="18333">
      <class name="reports.ExtentReports.ExtentReportsDemo">
        <test-method is-config="true" signature="config()[pri:0, instance:reports.ExtentReports.ExtentReportsDemo@1807f5a7]" started-at="2025-02-20T07:21:55 IST" name="config" finished-at="2025-02-20T07:21:55 IST" duration-ms="593" status="PASS">
          <reporter-output>
          </reporter-output>
        </test-method> <!-- config -->
        <test-method signature="initialDemo()[pri:0, instance:reports.ExtentReports.ExtentReportsDemo@1807f5a7]" started-at="2025-02-20T07:21:55 IST" name="initialDemo" finished-at="2025-02-20T07:22:11 IST" duration-ms="15405" status="PASS">
          <reporter-output>
          </reporter-output>
        </test-method> <!-- initialDemo -->
        <test-method is-config="true" signature="tearDown()[pri:0, instance:reports.ExtentReports.ExtentReportsDemo@1807f5a7]" started-at="2025-02-20T07:22:11 IST" name="tearDown" finished-at="2025-02-20T07:22:13 IST" duration-ms="2227" status="PASS">
          <reporter-output>
          </reporter-output>
        </test-method> <!-- tearDown -->
      </class> <!-- reports.ExtentReports.ExtentReportsDemo -->
    </test> <!-- Default test -->
  </suite> <!-- Default suite -->
</testng-results>
