<?xml version="1.0" encoding="UTF-8"?>
<!-- Generated by org.testng.reporters.JUnitXMLReporter -->
<testsuite ignored="0" hostname="LAPTOP-T3IK0MSI" failures="1" tests="1" name="Test" time="0.95" errors="0" timestamp="2025-02-19T09:06:23 IST">
  <testcase classname="reports.ExtentReports.ExtentReportsDemo" name="initialDemo" time="0.52">
    <failure type="java.lang.NoSuchMethodError" message="&amp;apos;void org.apache.hc.core5.http.impl.io.DefaultHttpRequestWriterFactory.&amp;lt;init&amp;gt;(org.apache.hc.core5.http.config.Http1Config)&amp;apos;">
      <![CDATA[java.lang.NoSuchMethodError: 'void org.apache.hc.core5.http.impl.io.DefaultHttpRequestWriterFactory.<init>(org.apache.hc.core5.http.config.Http1Config)'
at org.apache.hc.client5.http.impl.io.ManagedHttpClientConnectionFactory.<init>(ManagedHttpClientConnectionFactory.java:86)
at org.apache.hc.client5.http.impl.io.ManagedHttpClientConnectionFactory.<init>(ManagedHttpClientConnectionFactory.java:105)
at org.apache.hc.client5.http.impl.io.ManagedHttpClientConnectionFactory.<init>(ManagedHttpClientConnectionFactory.java:120)
at org.apache.hc.client5.http.impl.io.ManagedHttpClientConnectionFactory.<init>(ManagedHttpClientConnectionFactory.java:127)
at org.apache.hc.client5.http.impl.io.ManagedHttpClientConnectionFactory.<init>(ManagedHttpClientConnectionFactory.java:131)
at org.apache.hc.client5.http.impl.io.ManagedHttpClientConnectionFactory.<clinit>(ManagedHttpClientConnectionFactory.java:66)
at org.apache.hc.client5.http.impl.io.PoolingHttpClientConnectionManager.<init>(PoolingHttpClientConnectionManager.java:250)
at org.apache.hc.client5.http.impl.io.PoolingHttpClientConnectionManager.<init>(PoolingHttpClientConnectionManager.java:201)
at org.apache.hc.client5.http.impl.io.PoolingHttpClientConnectionManager.<init>(PoolingHttpClientConnectionManager.java:186)
at org.apache.hc.client5.http.impl.io.PoolingHttpClientConnectionManager.<init>(PoolingHttpClientConnectionManager.java:161)
at org.apache.hc.client5.http.impl.io.PoolingHttpClientConnectionManager.<init>(PoolingHttpClientConnectionManager.java:149)
at org.apache.hc.client5.http.impl.io.PoolingHttpClientConnectionManager.<init>(PoolingHttpClientConnectionManager.java:139)
at io.github.bonigarcia.wdm.online.HttpClient.<init>(HttpClient.java:114)
at io.github.bonigarcia.wdm.WebDriverManager.setup(WebDriverManager.java:407)
at reports.ExtentReports.ExtentReportsDemo.initialDemo(ExtentReportsDemo.java:33)
at java.base/java.util.ArrayList.forEach(ArrayList.java:1511)
... Removed 27 stack frames]]>
    </failure>
  </testcase> <!-- initialDemo -->
</testsuite> <!-- Test -->
